  exersize2.cpp
C:\Programming2022aa\homework\tabulation homework 2\tabulation homework 2\exersize2.cpp(6,9): warning C4566: character represented by universal-character-name '\u0417' cannot be represented in the current code page (1252)
C:\Programming2022aa\homework\tabulation homework 2\tabulation homework 2\exersize2.cpp(6,9): warning C4566: character represented by universal-character-name '\u0434' cannot be represented in the current code page (1252)
C:\Programming2022aa\homework\tabulation homework 2\tabulation homework 2\exersize2.cpp(6,9): warning C4566: character represented by universal-character-name '\u043D' cannot be represented in the current code page (1252)
C:\Programming2022aa\homework\tabulation homework 2\tabulation homework 2\exersize2.cpp(6,9): warning C4566: character represented by universal-character-name '\u0435' cannot be represented in the current code page (1252)
C:\Programming2022aa\homework\tabulation homework 2\tabulation homework 2\exersize2.cpp(6,9): warning C4566: character represented by universal-character-name '\u043C' cannot be represented in the current code page (1252)
C:\Programming2022aa\homework\tabulation homework 2\tabulation homework 2\exersize2.cpp(6,9): warning C4566: character represented by universal-character-name '\u0430' cannot be represented in the current code page (1252)
C:\Programming2022aa\homework\tabulation homework 2\tabulation homework 2\exersize2.cpp(6,9): warning C4566: character represented by universal-character-name '\u0440' cannot be represented in the current code page (1252)
C:\Programming2022aa\homework\tabulation homework 2\tabulation homework 2\exersize2.cpp(6,9): warning C4566: character represented by universal-character-name '\u043E' cannot be represented in the current code page (1252)
C:\Programming2022aa\homework\tabulation homework 2\tabulation homework 2\exersize2.cpp(6,9): warning C4566: character represented by universal-character-name '\u0436' cannot be represented in the current code page (1252)
C:\Programming2022aa\homework\tabulation homework 2\tabulation homework 2\exersize2.cpp(6,9): warning C4566: character represented by universal-character-name '\u044F' cannot be represented in the current code page (1252)
C:\Programming2022aa\homework\tabulation homework 2\tabulation homework 2\exersize2.cpp(12,16): warning C4566: character represented by universal-character-name '\uC528' cannot be represented in the current code page (1252)
C:\Programming2022aa\homework\tabulation homework 2\tabulation homework 2\exersize2.cpp(12,16): warning C4566: character represented by universal-character-name '\uC0DD' cannot be represented in the current code page (1252)
C:\Programming2022aa\homework\tabulation homework 2\tabulation homework 2\exersize2.cpp(12,16): warning C4566: character represented by universal-character-name '\uC77C' cannot be represented in the current code page (1252)
C:\Programming2022aa\homework\tabulation homework 2\tabulation homework 2\exersize2.cpp(12,16): warning C4566: character represented by universal-character-name '\uCD95' cannot be represented in the current code page (1252)
C:\Programming2022aa\homework\tabulation homework 2\tabulation homework 2\exersize2.cpp(12,16): warning C4566: character represented by universal-character-name '\uD558' cannot be represented in the current code page (1252)
C:\Programming2022aa\homework\tabulation homework 2\tabulation homework 2\exersize2.cpp(12,16): warning C4566: character represented by universal-character-name '\uD569' cannot be represented in the current code page (1252)
C:\Programming2022aa\homework\tabulation homework 2\tabulation homework 2\exersize2.cpp(12,16): warning C4566: character represented by universal-character-name '\uB2C8' cannot be represented in the current code page (1252)
C:\Programming2022aa\homework\tabulation homework 2\tabulation homework 2\exersize2.cpp(12,16): warning C4566: character represented by universal-character-name '\uB2E4' cannot be represented in the current code page (1252)
  tabulation homework 2.vcxproj -> C:\Programming2022aa\homework\tabulation homework 2\x64\Debug\tabulation homework 2.exe
